ERROR - 2022-12-22 00:21:52 --> mysqli_sql_exception: Unknown column 'updated_at' in 'field list' in C:\xampp\htdocs\belaguApp\system\Database\MySQLi\Connection.php:292
Stack trace:
#0 C:\xampp\htdocs\belaguApp\system\Database\MySQLi\Connection.php(292): mysqli->query('INSERT INTO `tr...', 0)
#1 C:\xampp\htdocs\belaguApp\system\Database\BaseConnection.php(666): CodeIgniter\Database\MySQLi\Connection->execute('INSERT INTO `tr...')
#2 C:\xampp\htdocs\belaguApp\system\Database\BaseConnection.php(593): CodeIgniter\Database\BaseConnection->simpleQuery('INSERT INTO `tr...')
#3 C:\xampp\htdocs\belaguApp\system\Database\BaseBuilder.php(1916): CodeIgniter\Database\BaseConnection->query('INSERT INTO `tr...', Array, false)
#4 C:\xampp\htdocs\belaguApp\system\Model.php(279): CodeIgniter\Database\BaseBuilder->insert()
#5 C:\xampp\htdocs\belaguApp\system\BaseModel.php(749): CodeIgniter\Model->doInsert(Array)
#6 C:\xampp\htdocs\belaguApp\system\Model.php(667): CodeIgniter\BaseModel->insert(Array, false)
#7 C:\xampp\htdocs\belaguApp\system\BaseModel.php(659): CodeIgniter\Model->insert(Array, false)
#8 C:\xampp\htdocs\belaguApp\app\Controllers\Transaction.php(29): CodeIgniter\BaseModel->save(Array)
#9 C:\xampp\htdocs\belaguApp\system\CodeIgniter.php(927): App\Controllers\Transaction->save()
#10 C:\xampp\htdocs\belaguApp\system\CodeIgniter.php(482): CodeIgniter\CodeIgniter->runController(Object(App\Controllers\Transaction))
#11 C:\xampp\htdocs\belaguApp\system\CodeIgniter.php(351): CodeIgniter\CodeIgniter->handleRequest(NULL, Object(Config\Cache), false)
#12 C:\xampp\htdocs\belaguApp\public\index.php(67): CodeIgniter\CodeIgniter->run()
#13 C:\xampp\htdocs\belaguApp\system\Commands\Server\rewrite.php(46): require_once('C:\\xampp\\htdocs...')
#14 {main}
CRITICAL - 2022-12-22 00:21:52 --> Unknown column 'updated_at' in 'field list'
in SYSTEMPATH\Database\MySQLi\Connection.php on line 292.
 1 SYSTEMPATH\Database\MySQLi\Connection.php(292): mysqli->query('INSERT INTO `transaction` (`id_user`, `id_ticket`, `kode`, `harga`, `tgl`, `updated_at`) VALUES (1, NULL, \'INV\', 80000, \'2022-12-22 00:21:52\', \'2022-12-22 00:21:52\')', 0)
 2 SYSTEMPATH\Database\BaseConnection.php(666): CodeIgniter\Database\MySQLi\Connection->execute('INSERT INTO `transaction` (`id_user`, `id_ticket`, `kode`, `harga`, `tgl`, `updated_at`) VALUES (1, NULL, \'INV\', 80000, \'2022-12-22 00:21:52\', \'2022-12-22 00:21:52\')')
 3 SYSTEMPATH\Database\BaseConnection.php(593): CodeIgniter\Database\BaseConnection->simpleQuery('INSERT INTO `transaction` (`id_user`, `id_ticket`, `kode`, `harga`, `tgl`, `updated_at`) VALUES (1, NULL, \'INV\', 80000, \'2022-12-22 00:21:52\', \'2022-12-22 00:21:52\')')
 4 SYSTEMPATH\Database\BaseBuilder.php(1916): CodeIgniter\Database\BaseConnection->query('INSERT INTO `transaction` (`id_user`, `id_ticket`, `kode`, `harga`, `tgl`, `updated_at`) VALUES (:id_user:, :id_ticket:, :kode:, :harga:, :tgl:, :updated_at:)', [...], false)
 5 SYSTEMPATH\Model.php(279): CodeIgniter\Database\BaseBuilder->insert()
 6 SYSTEMPATH\BaseModel.php(749): CodeIgniter\Model->doInsert([...])
 7 SYSTEMPATH\Model.php(667): CodeIgniter\BaseModel->insert([...], false)
 8 SYSTEMPATH\BaseModel.php(659): CodeIgniter\Model->insert([...], false)
 9 APPPATH\Controllers\Transaction.php(29): CodeIgniter\BaseModel->save([...])
10 SYSTEMPATH\CodeIgniter.php(927): App\Controllers\Transaction->save()
11 SYSTEMPATH\CodeIgniter.php(482): CodeIgniter\CodeIgniter->runController(Object(App\Controllers\Transaction))
12 SYSTEMPATH\CodeIgniter.php(351): CodeIgniter\CodeIgniter->handleRequest(null, Object(Config\Cache), false)
13 FCPATH\index.php(67): CodeIgniter\CodeIgniter->run()
14 SYSTEMPATH\Commands\Server\rewrite.php(46): require_once('FCPATH\\index.php')
ERROR - 2022-12-22 00:23:25 --> mysqli_sql_exception: Column 'id_ticket' cannot be null in C:\xampp\htdocs\belaguApp\system\Database\MySQLi\Connection.php:292
Stack trace:
#0 C:\xampp\htdocs\belaguApp\system\Database\MySQLi\Connection.php(292): mysqli->query('INSERT INTO `tr...', 0)
#1 C:\xampp\htdocs\belaguApp\system\Database\BaseConnection.php(666): CodeIgniter\Database\MySQLi\Connection->execute('INSERT INTO `tr...')
#2 C:\xampp\htdocs\belaguApp\system\Database\BaseConnection.php(593): CodeIgniter\Database\BaseConnection->simpleQuery('INSERT INTO `tr...')
#3 C:\xampp\htdocs\belaguApp\system\Database\BaseBuilder.php(1916): CodeIgniter\Database\BaseConnection->query('INSERT INTO `tr...', Array, false)
#4 C:\xampp\htdocs\belaguApp\system\Model.php(279): CodeIgniter\Database\BaseBuilder->insert()
#5 C:\xampp\htdocs\belaguApp\system\BaseModel.php(749): CodeIgniter\Model->doInsert(Array)
#6 C:\xampp\htdocs\belaguApp\system\Model.php(667): CodeIgniter\BaseModel->insert(Array, false)
#7 C:\xampp\htdocs\belaguApp\system\BaseModel.php(659): CodeIgniter\Model->insert(Array, false)
#8 C:\xampp\htdocs\belaguApp\app\Controllers\Transaction.php(29): CodeIgniter\BaseModel->save(Array)
#9 C:\xampp\htdocs\belaguApp\system\CodeIgniter.php(927): App\Controllers\Transaction->save()
#10 C:\xampp\htdocs\belaguApp\system\CodeIgniter.php(482): CodeIgniter\CodeIgniter->runController(Object(App\Controllers\Transaction))
#11 C:\xampp\htdocs\belaguApp\system\CodeIgniter.php(351): CodeIgniter\CodeIgniter->handleRequest(NULL, Object(Config\Cache), false)
#12 C:\xampp\htdocs\belaguApp\public\index.php(67): CodeIgniter\CodeIgniter->run()
#13 C:\xampp\htdocs\belaguApp\system\Commands\Server\rewrite.php(46): require_once('C:\\xampp\\htdocs...')
#14 {main}
CRITICAL - 2022-12-22 00:23:25 --> Column 'id_ticket' cannot be null
in SYSTEMPATH\Database\MySQLi\Connection.php on line 292.
 1 SYSTEMPATH\Database\MySQLi\Connection.php(292): mysqli->query('INSERT INTO `transaction` (`id_user`, `id_ticket`, `kode`, `harga`, `tgl`, `tgl_update`) VALUES (1, NULL, \'INV\', 80000, \'2022-12-22 00:23:25\', \'2022-12-22 00:23:25\')', 0)
 2 SYSTEMPATH\Database\BaseConnection.php(666): CodeIgniter\Database\MySQLi\Connection->execute('INSERT INTO `transaction` (`id_user`, `id_ticket`, `kode`, `harga`, `tgl`, `tgl_update`) VALUES (1, NULL, \'INV\', 80000, \'2022-12-22 00:23:25\', \'2022-12-22 00:23:25\')')
 3 SYSTEMPATH\Database\BaseConnection.php(593): CodeIgniter\Database\BaseConnection->simpleQuery('INSERT INTO `transaction` (`id_user`, `id_ticket`, `kode`, `harga`, `tgl`, `tgl_update`) VALUES (1, NULL, \'INV\', 80000, \'2022-12-22 00:23:25\', \'2022-12-22 00:23:25\')')
 4 SYSTEMPATH\Database\BaseBuilder.php(1916): CodeIgniter\Database\BaseConnection->query('INSERT INTO `transaction` (`id_user`, `id_ticket`, `kode`, `harga`, `tgl`, `tgl_update`) VALUES (:id_user:, :id_ticket:, :kode:, :harga:, :tgl:, :tgl_update:)', [...], false)
 5 SYSTEMPATH\Model.php(279): CodeIgniter\Database\BaseBuilder->insert()
 6 SYSTEMPATH\BaseModel.php(749): CodeIgniter\Model->doInsert([...])
 7 SYSTEMPATH\Model.php(667): CodeIgniter\BaseModel->insert([...], false)
 8 SYSTEMPATH\BaseModel.php(659): CodeIgniter\Model->insert([...], false)
 9 APPPATH\Controllers\Transaction.php(29): CodeIgniter\BaseModel->save([...])
10 SYSTEMPATH\CodeIgniter.php(927): App\Controllers\Transaction->save()
11 SYSTEMPATH\CodeIgniter.php(482): CodeIgniter\CodeIgniter->runController(Object(App\Controllers\Transaction))
12 SYSTEMPATH\CodeIgniter.php(351): CodeIgniter\CodeIgniter->handleRequest(null, Object(Config\Cache), false)
13 FCPATH\index.php(67): CodeIgniter\CodeIgniter->run()
14 SYSTEMPATH\Commands\Server\rewrite.php(46): require_once('FCPATH\\index.php')
ERROR - 2022-12-22 00:24:13 --> mysqli_sql_exception: Column 'id_ticket' cannot be null in C:\xampp\htdocs\belaguApp\system\Database\MySQLi\Connection.php:292
Stack trace:
#0 C:\xampp\htdocs\belaguApp\system\Database\MySQLi\Connection.php(292): mysqli->query('INSERT INTO `tr...', 0)
#1 C:\xampp\htdocs\belaguApp\system\Database\BaseConnection.php(666): CodeIgniter\Database\MySQLi\Connection->execute('INSERT INTO `tr...')
#2 C:\xampp\htdocs\belaguApp\system\Database\BaseConnection.php(593): CodeIgniter\Database\BaseConnection->simpleQuery('INSERT INTO `tr...')
#3 C:\xampp\htdocs\belaguApp\system\Database\BaseBuilder.php(1916): CodeIgniter\Database\BaseConnection->query('INSERT INTO `tr...', Array, false)
#4 C:\xampp\htdocs\belaguApp\system\Model.php(279): CodeIgniter\Database\BaseBuilder->insert()
#5 C:\xampp\htdocs\belaguApp\system\BaseModel.php(749): CodeIgniter\Model->doInsert(Array)
#6 C:\xampp\htdocs\belaguApp\system\Model.php(667): CodeIgniter\BaseModel->insert(Array, false)
#7 C:\xampp\htdocs\belaguApp\system\BaseModel.php(659): CodeIgniter\Model->insert(Array, false)
#8 C:\xampp\htdocs\belaguApp\app\Controllers\Transaction.php(29): CodeIgniter\BaseModel->save(Array)
#9 C:\xampp\htdocs\belaguApp\system\CodeIgniter.php(927): App\Controllers\Transaction->save()
#10 C:\xampp\htdocs\belaguApp\system\CodeIgniter.php(482): CodeIgniter\CodeIgniter->runController(Object(App\Controllers\Transaction))
#11 C:\xampp\htdocs\belaguApp\system\CodeIgniter.php(351): CodeIgniter\CodeIgniter->handleRequest(NULL, Object(Config\Cache), false)
#12 C:\xampp\htdocs\belaguApp\public\index.php(67): CodeIgniter\CodeIgniter->run()
#13 C:\xampp\htdocs\belaguApp\system\Commands\Server\rewrite.php(46): require_once('C:\\xampp\\htdocs...')
#14 {main}
CRITICAL - 2022-12-22 00:24:13 --> Column 'id_ticket' cannot be null
in SYSTEMPATH\Database\MySQLi\Connection.php on line 292.
 1 SYSTEMPATH\Database\MySQLi\Connection.php(292): mysqli->query('INSERT INTO `transaction` (`id_user`, `id_ticket`, `kode`, `harga`, `tgl`, `tgl_update`) VALUES (1, NULL, \'INV\', 80000, \'2022-12-22 00:24:13\', \'2022-12-22 00:24:13\')', 0)
 2 SYSTEMPATH\Database\BaseConnection.php(666): CodeIgniter\Database\MySQLi\Connection->execute('INSERT INTO `transaction` (`id_user`, `id_ticket`, `kode`, `harga`, `tgl`, `tgl_update`) VALUES (1, NULL, \'INV\', 80000, \'2022-12-22 00:24:13\', \'2022-12-22 00:24:13\')')
 3 SYSTEMPATH\Database\BaseConnection.php(593): CodeIgniter\Database\BaseConnection->simpleQuery('INSERT INTO `transaction` (`id_user`, `id_ticket`, `kode`, `harga`, `tgl`, `tgl_update`) VALUES (1, NULL, \'INV\', 80000, \'2022-12-22 00:24:13\', \'2022-12-22 00:24:13\')')
 4 SYSTEMPATH\Database\BaseBuilder.php(1916): CodeIgniter\Database\BaseConnection->query('INSERT INTO `transaction` (`id_user`, `id_ticket`, `kode`, `harga`, `tgl`, `tgl_update`) VALUES (:id_user:, :id_ticket:, :kode:, :harga:, :tgl:, :tgl_update:)', [...], false)
 5 SYSTEMPATH\Model.php(279): CodeIgniter\Database\BaseBuilder->insert()
 6 SYSTEMPATH\BaseModel.php(749): CodeIgniter\Model->doInsert([...])
 7 SYSTEMPATH\Model.php(667): CodeIgniter\BaseModel->insert([...], false)
 8 SYSTEMPATH\BaseModel.php(659): CodeIgniter\Model->insert([...], false)
 9 APPPATH\Controllers\Transaction.php(29): CodeIgniter\BaseModel->save([...])
10 SYSTEMPATH\CodeIgniter.php(927): App\Controllers\Transaction->save()
11 SYSTEMPATH\CodeIgniter.php(482): CodeIgniter\CodeIgniter->runController(Object(App\Controllers\Transaction))
12 SYSTEMPATH\CodeIgniter.php(351): CodeIgniter\CodeIgniter->handleRequest(null, Object(Config\Cache), false)
13 FCPATH\index.php(67): CodeIgniter\CodeIgniter->run()
14 SYSTEMPATH\Commands\Server\rewrite.php(46): require_once('FCPATH\\index.php')
